# JRE version: OpenJDK Runtime Environment (8.0_242-b01) (build 1.8.0_242-release-1644-b01)
# Java VM: OpenJDK 64-Bit Server VM (25.242-b01 mixed mode windows-amd64 compressed oops)
Heap:
 PSYoungGen      total 375808K, used 115544K [0x00000000e0000000, 0x00000000f9a00000, 0x0000000100000000)
  eden space 344064K, 26% used [0x00000000e0000000,0x00000000e58583d8,0x00000000f5000000)
  from space 31744K, 79% used [0x00000000f5000000,0x00000000f687dce0,0x00000000f6f00000)
  to   space 33792K, 0% used [0x00000000f7900000,0x00000000f7900000,0x00000000f9a00000)
 ParOldGen       total 119808K, used 60226K [0x00000000a0000000, 0x00000000a7500000, 0x00000000e0000000)
  object space 119808K, 50% used [0x00000000a0000000,0x00000000a3ad0b58,0x00000000a7500000)
 Metaspace       used 113844K, capacity 119836K, committed 120192K, reserved 1153024K
  class space    used 14499K, capacity 15623K, committed 15744K, reserved 1048576K
GC Heap History (10 events):
Event: 289.227 GC heap before
{Heap before GC invocations=41 (full 4):
 PSYoungGen      total 348160K, used 328688K [0x00000000e0000000, 0x00000000f7280000, 0x0000000100000000)
  eden space 317952K, 100% used [0x00000000e0000000,0x00000000f3680000,0x00000000f3680000)
  from space 30208K, 35% used [0x00000000f5500000,0x00000000f5f7c038,0x00000000f7280000)
  to   space 30720K, 0% used [0x00000000f3680000,0x00000000f3680000,0x00000000f5480000)
 ParOldGen       total 119808K, used 59356K [0x00000000a0000000, 0x00000000a7500000, 0x00000000e0000000)
  object space 119808K, 49% used [0x00000000a0000000,0x00000000a39f7098,0x00000000a7500000)
 Metaspace       used 95559K, capacity 99680K, committed 100992K, reserved 1136640K
  class space    used 12346K, capacity 13113K, committed 13440K, reserved 1048576K
Event: 289.247 GC heap after
Heap after GC invocations=41 (full 4):
 PSYoungGen      total 348672K, used 4688K [0x00000000e0000000, 0x00000000f8680000, 0x0000000100000000)
  eden space 317952K, 0% used [0x00000000e0000000,0x00000000e0000000,0x00000000f3680000)
  from space 30720K, 15% used [0x00000000f3680000,0x00000000f3b14040,0x00000000f5480000)
  to   space 31232K, 0% used [0x00000000f6800000,0x00000000f6800000,0x00000000f8680000)
 ParOldGen       total 119808K, used 59356K [0x00000000a0000000, 0x00000000a7500000, 0x00000000e0000000)
  object space 119808K, 49% used [0x00000000a0000000,0x00000000a39f7098,0x00000000a7500000)
 Metaspace       used 95559K, capacity 99680K, committed 100992K, reserved 1136640K
  class space    used 12346K, capacity 13113K, committed 13440K, reserved 1048576K
}
Event: 297.310 GC heap before
{Heap before GC invocations=42 (full 4):
 PSYoungGen      total 348672K, used 322640K [0x00000000e0000000, 0x00000000f8680000, 0x0000000100000000)
  eden space 317952K, 100% used [0x00000000e0000000,0x00000000f3680000,0x00000000f3680000)
  from space 30720K, 15% used [0x00000000f3680000,0x00000000f3b14040,0x00000000f5480000)
  to   space 31232K, 0% used [0x00000000f6800000,0x00000000f6800000,0x00000000f8680000)
 ParOldGen       total 119808K, used 59356K [0x00000000a0000000, 0x00000000a7500000, 0x00000000e0000000)
  object space 119808K, 49% used [0x00000000a0000000,0x00000000a39f7098,0x00000000a7500000)
 Metaspace       used 96315K, capacity 100546K, committed 101632K, reserved 1136640K
  class space    used 12425K, capacity 13208K, committed 13568K, reserved 1048576K
Event: 297.354 GC heap after
Heap after GC invocations=42 (full 4):
 PSYoungGen      total 364544K, used 30745K [0x00000000e0000000, 0x00000000f8b80000, 0x0000000100000000)
  eden space 333312K, 0% used [0x00000000e0000000,0x00000000e0000000,0x00000000f4580000)
  from space 31232K, 98% used [0x00000000f6800000,0x00000000f8606408,0x00000000f8680000)
  to   space 35328K, 0% used [0x00000000f4580000,0x00000000f4580000,0x00000000f6800000)
 ParOldGen       total 119808K, used 59364K [0x00000000a0000000, 0x00000000a7500000, 0x00000000e0000000)
  object space 119808K, 49% used [0x00000000a0000000,0x00000000a39f9098,0x00000000a7500000)
 Metaspace       used 96315K, capacity 100546K, committed 101632K, reserved 1136640K
  class space    used 12425K, capacity 13208K, committed 13568K, reserved 1048576K
}
Event: 1375.110 GC heap before
{Heap before GC invocations=43 (full 4):
 PSYoungGen      total 364544K, used 364057K [0x00000000e0000000, 0x00000000f8b80000, 0x0000000100000000)
  eden space 333312K, 100% used [0x00000000e0000000,0x00000000f4580000,0x00000000f4580000)
  from space 31232K, 98% used [0x00000000f6800000,0x00000000f8606408,0x00000000f8680000)
  to   space 35328K, 0% used [0x00000000f4580000,0x00000000f4580000,0x00000000f6800000)
 ParOldGen       total 119808K, used 59364K [0x00000000a0000000, 0x00000000a7500000, 0x00000000e0000000)
  object space 119808K, 49% used [0x00000000a0000000,0x00000000a39f9098,0x00000000a7500000)
 Metaspace       used 103830K, capacity 108548K, committed 109056K, reserved 1144832K
  class space    used 13241K, capacity 14119K, committed 14336K, reserved 1048576K
Event: 1375.771 GC heap after
Heap after GC invocations=43 (full 4):
 PSYoungGen      total 368640K, used 15870K [0x00000000e0000000, 0x00000000f9500000, 0x0000000100000000)
  eden space 333312K, 0% used [0x00000000e0000000,0x00000000e0000000,0x00000000f4580000)
  from space 35328K, 44% used [0x00000000f4580000,0x00000000f54ff9f0,0x00000000f6800000)
  to   space 33792K, 0% used [0x00000000f7400000,0x00000000f7400000,0x00000000f9500000)
 ParOldGen       total 119808K, used 59372K [0x00000000a0000000, 0x00000000a7500000, 0x00000000e0000000)
  object space 119808K, 49% used [0x00000000a0000000,0x00000000a39fb098,0x00000000a7500000)
 Metaspace       used 103830K, capacity 108548K, committed 109056K, reserved 1144832K
  class space    used 13241K, capacity 14119K, committed 14336K, reserved 1048576K
}
Event: 8371.161 GC heap before
{Heap before GC invocations=44 (full 4):
 PSYoungGen      total 368640K, used 349182K [0x00000000e0000000, 0x00000000f9500000, 0x0000000100000000)
  eden space 333312K, 100% used [0x00000000e0000000,0x00000000f4580000,0x00000000f4580000)
  from space 35328K, 44% used [0x00000000f4580000,0x00000000f54ff9f0,0x00000000f6800000)
  to   space 33792K, 0% used [0x00000000f7400000,0x00000000f7400000,0x00000000f9500000)
 ParOldGen       total 119808K, used 59372K [0x00000000a0000000, 0x00000000a7500000, 0x00000000e0000000)
  object space 119808K, 49% used [0x00000000a0000000,0x00000000a39fb098,0x00000000a7500000)
 Metaspace       used 106149K, capacity 111496K, committed 111616K, reserved 1146880K
  class space    used 13504K, capacity 14492K, committed 14592K, reserved 1048576K
Event: 8371.674 GC heap after
Heap after GC invocations=44 (full 4):
 PSYoungGen      total 370688K, used 16579K [0x00000000e0000000, 0x00000000f8e00000, 0x0000000100000000)
  eden space 344064K, 0% used [0x00000000e0000000,0x00000000e0000000,0x00000000f5000000)
  from space 26624K, 62% used [0x00000000f7400000,0x00000000f8430e38,0x00000000f8e00000)
  to   space 31744K, 0% used [0x00000000f5000000,0x00000000f5000000,0x00000000f6f00000)
 ParOldGen       total 119808K, used 59380K [0x00000000a0000000, 0x00000000a7500000, 0x00000000e0000000)
  object space 119808K, 49% used [0x00000000a0000000,0x00000000a39fd098,0x00000000a7500000)
 Metaspace       used 106149K, capacity 111496K, committed 111616K, reserved 1146880K
  class space    used 13504K, capacity 14492K, committed 14592K, reserved 1048576K
}
Event: 9476.386 GC heap before
{Heap before GC invocations=45 (full 4):
 PSYoungGen      total 370688K, used 360643K [0x00000000e0000000, 0x00000000f8e00000, 0x0000000100000000)
  eden space 344064K, 100% used [0x00000000e0000000,0x00000000f5000000,0x00000000f5000000)
  from space 26624K, 62% used [0x00000000f7400000,0x00000000f8430e38,0x00000000f8e00000)
  to   space 31744K, 0% used [0x00000000f5000000,0x00000000f5000000,0x00000000f6f00000)
 ParOldGen       total 119808K, used 59380K [0x00000000a0000000, 0x00000000a7500000, 0x00000000e0000000)
  object space 119808K, 49% used [0x00000000a0000000,0x00000000a39fd098,0x00000000a7500000)
 Metaspace       used 113799K, capacity 119836K, committed 120192K, reserved 1153024K
  class space    used 14499K, capacity 15623K, committed 15744K, reserved 1048576K
Event: 9478.074 GC heap after
Heap after GC invocations=45 (full 4):
 PSYoungGen      total 375808K, used 25079K [0x00000000e0000000, 0x00000000f9a00000, 0x0000000100000000)
  eden space 344064K, 0% used [0x00000000e0000000,0x00000000e0000000,0x00000000f5000000)
  from space 31744K, 79% used [0x00000000f5000000,0x00000000f687dce0,0x00000000f6f00000)
  to   space 33792K, 0% used [0x00000000f7900000,0x00000000f7900000,0x00000000f9a00000)
 ParOldGen       total 119808K, used 60226K [0x00000000a0000000, 0x00000000a7500000, 0x00000000e0000000)
  object space 119808K, 50% used [0x00000000a0000000,0x00000000a3ad0b58,0x00000000a7500000)
 Metaspace       used 113799K, capacity 119836K, committed 120192K, reserved 1153024K
  class space    used 14499K, capacity 15623K, committed 15744K, reserved 1048576K
}

